<?xml version="1.0" encoding="UTF-8"?>
<testng-results skipped="0" failed="1" total="1" passed="0">
  <reporter-output>
  </reporter-output>
  <suite name="Suite" duration-ms="10947" started-at="2020-10-12T12:17:54Z" finished-at="2020-10-12T12:18:05Z">
    <groups>
    </groups>
    <test name="Test4" duration-ms="10947" started-at="2020-10-12T12:17:54Z" finished-at="2020-10-12T12:18:05Z">
      <class name="Instagram.E2EIns.InstaTest4">
        <test-method status="PASS" signature="initialize(org.testng.ITestContext)[pri:0, instance:Instagram.E2EIns.InstaTest4@74a10858]" name="initialize" is-config="true" duration-ms="9533" started-at="2020-10-12T17:47:54Z" finished-at="2020-10-12T17:48:03Z">
          <params>
            <param index="0">
              <value>
                <![CDATA[org.testng.TestRunner@2fd66ad3]]>
              </value>
            </param>
          </params>
          <reporter-output>
          </reporter-output>
        </test-method> <!-- initialize -->
        <test-method status="FAIL" signature="InstaGoogleTest()[pri:0, instance:Instagram.E2EIns.InstaTest4@74a10858]" name="InstaGoogleTest" duration-ms="33" started-at="2020-10-12T17:48:03Z" finished-at="2020-10-12T17:48:03Z">
          <exception class="java.lang.AssertionError">
            <message>
              <![CDATA[Test Failed]]>
            </message>
            <full-stacktrace>
              <![CDATA[java.lang.AssertionError: Test Failed
	at org.testng.Assert.fail(Assert.java:94)
	at Instagram.E2EIns.InstaTest4.InstaGoogleTest(InstaTest4.java:36)
	at sun.reflect.NativeMethodAccessorImpl.invoke0(Native Method)
	at sun.reflect.NativeMethodAccessorImpl.invoke(Unknown Source)
	at sun.reflect.DelegatingMethodAccessorImpl.invoke(Unknown Source)
	at java.lang.reflect.Method.invoke(Unknown Source)
	at org.testng.internal.MethodInvocationHelper.invokeMethod(MethodInvocationHelper.java:100)
	at org.testng.internal.Invoker.invokeMethod(Invoker.java:646)
	at org.testng.internal.Invoker.invokeTestMethod(Invoker.java:811)
	at org.testng.internal.Invoker.invokeTestMethods(Invoker.java:1137)
	at org.testng.internal.TestMethodWorker.invokeTestMethods(TestMethodWorker.java:129)
	at org.testng.internal.TestMethodWorker.run(TestMethodWorker.java:112)
	at org.testng.TestRunner.privateRun(TestRunner.java:753)
	at org.testng.TestRunner.run(TestRunner.java:607)
	at org.testng.SuiteRunner.runTest(SuiteRunner.java:368)
	at org.testng.SuiteRunner.access$000(SuiteRunner.java:39)
	at org.testng.SuiteRunner$SuiteWorker.run(SuiteRunner.java:402)
	at org.testng.internal.thread.ThreadUtil$2.call(ThreadUtil.java:64)
	at java.util.concurrent.FutureTask.run(Unknown Source)
	at java.util.concurrent.ThreadPoolExecutor.runWorker(Unknown Source)
	at java.util.concurrent.ThreadPoolExecutor$Worker.run(Unknown Source)
	at java.lang.Thread.run(Unknown Source)
]]>
            </full-stacktrace>
          </exception> <!-- java.lang.AssertionError -->
          <reporter-output>
          </reporter-output>
        </test-method> <!-- InstaGoogleTest -->
        <test-method status="PASS" signature="tearDown()[pri:0, instance:Instagram.E2EIns.InstaTest4@74a10858]" name="tearDown" is-config="true" duration-ms="700" started-at="2020-10-12T17:48:04Z" finished-at="2020-10-12T17:48:05Z">
          <reporter-output>
          </reporter-output>
        </test-method> <!-- tearDown -->
      </class> <!-- Instagram.E2EIns.InstaTest4 -->
    </test> <!-- Test4 -->
  </suite> <!-- Suite -->
</testng-results>
